<?xml version="1.0" encoding="UTF-8"?>
<testng-results ignored="0" total="1" passed="1" failed="0" skipped="0">
  <reporter-output>
  </reporter-output>
  <suite started-at="2022-05-17T20:06:55 IST" name="Default suite" finished-at="2022-05-17T20:07:45 IST" duration-ms="50041">
    <groups>
    </groups>
    <test started-at="2022-05-17T20:06:55 IST" name="Default test" finished-at="2022-05-17T20:07:45 IST" duration-ms="50041">
      <class name="Keyworddriven.RegressionTest">
        <test-method signature="VarifyTitleOfHomePage()[pri:0, instance:Keyworddriven.RegressionTest@d6e7bab]" started-at="2022-05-17T20:06:55 IST" name="VarifyTitleOfHomePage" finished-at="2022-05-17T20:07:45 IST" duration-ms="49817" status="PASS">
          <reporter-output>
          </reporter-output>
        </test-method> <!-- VarifyTitleOfHomePage -->
      </class> <!-- Keyworddriven.RegressionTest -->
    </test> <!-- Default test -->
  </suite> <!-- Default suite -->
</testng-results>
